<?xml version="1.0" encoding="UTF-8"?>
<testsuite name="ru.netology.CardDeliveryTest" tests="1" skipped="0" failures="0" errors="0" timestamp="2020-02-14T09:09:41" hostname="DESKTOP-O0R04CG" time="54.828">
  <properties/>
  <testcase name="shouldChangeDeliveryDate()" classname="ru.netology.CardDeliveryTest" time="54.828"/>
  <system-out><![CDATA[]]></system-out>
  <system-err><![CDATA[фев 14, 2020 1:09:42 PM com.codeborne.selenide.drivercommands.LazyDriver getAndCheckWebDriver
INFO: No webdriver is bound to current thread: 10 - let's create a new webdriver
Starting ChromeDriver 80.0.3987.106 (f68069574609230cf9b635cd784cfb1bf81bb53a-refs/branch-heads/3987@{#882}) on port 18535
Only local connections are allowed.
Please protect ports used by ChromeDriver and related test frameworks to prevent access by malicious code.
[1581671411.013][WARNING]: Timed out connecting to Chrome, retrying...
фев 14, 2020 1:10:13 PM org.openqa.selenium.remote.ProtocolHandshake createSession
INFO: Detected dialect: W3C
фев 14, 2020 1:10:13 PM com.codeborne.selenide.webdriver.BrowserResizer adjustBrowserSize
INFO: Set browser size to 1366x768
[1581671415.743][WARNING]: Timed out connecting to Chrome, retrying...
фев 14, 2020 1:10:17 PM com.codeborne.selenide.webdriver.WebDriverFactory logBrowserVersion
INFO: BrowserName=chrome Version=80.0.3987.106 Platform=WINDOWS
фев 14, 2020 1:10:17 PM com.codeborne.selenide.webdriver.WebDriverFactory createWebDriver
INFO: Selenide v. 5.3.1
фев 14, 2020 1:10:17 PM com.codeborne.selenide.webdriver.WebDriverFactory logSeleniumInfo
INFO: Selenium WebDriver v. 3.141.59 build time: 2018-11-14T08:17:03
фев 14, 2020 1:10:17 PM com.codeborne.selenide.drivercommands.CreateDriverCommand createDriver
INFO: Create webdriver in current thread 10: ChromeDriver -> ChromeDriver: chrome on WINDOWS (21c275e96d056f588ff0eb3795ae2b96)
[1581671419.529][SEVERE]: Timed out receiving message from renderer: 0.100
[1581671419.677][SEVERE]: Timed out receiving message from renderer: 0.100
[1581671419.985][SEVERE]: Timed out receiving message from renderer: 0.100
[1581671420.294][SEVERE]: Timed out receiving message from renderer: 0.100
]]></system-err>
</testsuite>
