<?xml version="1.0" encoding="UTF-8"?>
<testsuite name="ru.netology.CardDeliveryTest" tests="1" skipped="0" failures="0" errors="0" timestamp="2020-02-17T21:20:49" hostname="DESKTOP-QGFL0U7" time="7.03">
  <properties/>
  <testcase name="shouldChangeDeliveryDate()" classname="ru.netology.CardDeliveryTest" time="7.03"/>
  <system-out><![CDATA[]]></system-out>
  <system-err><![CDATA[Feb 17, 2020 4:20:49 PM com.codeborne.selenide.drivercommands.LazyDriver getAndCheckWebDriver
INFO: No webdriver is bound to current thread: 14 - let's create a new webdriver
Starting ChromeDriver 80.0.3987.106 (f68069574609230cf9b635cd784cfb1bf81bb53a-refs/branch-heads/3987@{#882}) on port 7059
Only local connections are allowed.
Please protect ports used by ChromeDriver and related test frameworks to prevent access by malicious code.
Feb 17, 2020 4:20:52 PM org.openqa.selenium.remote.ProtocolHandshake createSession
INFO: Detected dialect: W3C
Feb 17, 2020 4:20:52 PM com.codeborne.selenide.webdriver.BrowserResizer adjustBrowserSize
INFO: Set browser size to 1366x768
Feb 17, 2020 4:20:53 PM com.codeborne.selenide.webdriver.WebDriverFactory logBrowserVersion
INFO: BrowserName=chrome Version=80.0.3987.106 Platform=WINDOWS
Feb 17, 2020 4:20:53 PM com.codeborne.selenide.webdriver.WebDriverFactory createWebDriver
INFO: Selenide v. 5.3.1
Feb 17, 2020 4:20:53 PM com.codeborne.selenide.webdriver.WebDriverFactory logSeleniumInfo
INFO: Selenium WebDriver v. 3.141.59 build time: 2018-11-14T08:17:03
Feb 17, 2020 4:20:53 PM com.codeborne.selenide.drivercommands.CreateDriverCommand createDriver
INFO: Create webdriver in current thread 14: ChromeDriver -> ChromeDriver: chrome on WINDOWS (9cdbcda29b67ba82b19219d517bb599a)
[1581974454.062][SEVERE]: Timed out receiving message from renderer: 0.100
]]></system-err>
</testsuite>
