<?xml version="1.0" encoding="UTF-8"?>
<testsuite name="ru.netology.CardDeliveryTest" tests="1" skipped="0" failures="0" errors="0" timestamp="2020-03-22T15:53:25" hostname="DESKTOP-QGFL0U7" time="7.53">
  <properties/>
  <testcase name="shouldChangeDeliveryDate()" classname="ru.netology.CardDeliveryTest" time="7.53"/>
  <system-out><![CDATA[]]></system-out>
  <system-err><![CDATA[Mar 22, 2020 11:53:25 AM com.codeborne.selenide.drivercommands.LazyDriver getAndCheckWebDriver
INFO: No webdriver is bound to current thread: 12 - let's create a new webdriver
Starting ChromeDriver 80.0.3987.106 (f68069574609230cf9b635cd784cfb1bf81bb53a-refs/branch-heads/3987@{#882}) on port 42596
Only local connections are allowed.
Please protect ports used by ChromeDriver and related test frameworks to prevent access by malicious code.
Mar 22, 2020 11:53:28 AM org.openqa.selenium.remote.ProtocolHandshake createSession
INFO: Detected dialect: W3C
Mar 22, 2020 11:53:28 AM com.codeborne.selenide.webdriver.BrowserResizer adjustBrowserSize
INFO: Set browser size to 1366x768
Mar 22, 2020 11:53:29 AM com.codeborne.selenide.webdriver.WebDriverFactory logBrowserVersion
INFO: BrowserName=chrome Version=80.0.3987.149 Platform=WINDOWS
Mar 22, 2020 11:53:29 AM com.codeborne.selenide.webdriver.WebDriverFactory createWebDriver
INFO: Selenide v. 5.3.1
Mar 22, 2020 11:53:29 AM com.codeborne.selenide.webdriver.WebDriverFactory logSeleniumInfo
INFO: Selenium WebDriver v. 3.141.59 build time: 2018-11-14T08:17:03
Mar 22, 2020 11:53:29 AM com.codeborne.selenide.drivercommands.CreateDriverCommand createDriver
INFO: Create webdriver in current thread 12: ChromeDriver -> ChromeDriver: chrome on WINDOWS (25e784b954740a9f67669365533271f6)
[1584892410.376][SEVERE]: Timed out receiving message from renderer: 0.100
]]></system-err>
</testsuite>
